undefined
 ERR_PNPM_RECURSIVE_EXEC_FIRST_FAIL  Command "dev" not found
undefined
 ERR_PNPM_RECURSIVE_EXEC_FIRST_FAIL  Command "dev" not found

> ter@1.0.0 start /home/gabrielolv/Documents/Projects/ter
> expo start

Starting project at /home/gabrielolv/Documents/Projects/ter
Starting Metro Bundler
Waiting on http://localhost:8081
Logs for your project will appear below.
iOS node_modules/expo-router/entry.js ░░░░░░░░░░░░░░░░  0.0% (0/1)
iOS node_modules/expo-router/entry.js ▓▓░░░░░░░░░░░░░░ 16.5% (136/335)
iOS node_modules/expo-router/entry.js ▓▓▓▓▓░░░░░░░░░░░ 36.1% (412/703)
iOS node_modules/expo-router/entry.js ▓▓▓▓▓▓▓▓▓░░░░░░░ 61.2% (711/996)
iOS node_modules/expo-router/entry.js ▓▓▓▓▓▓▓▓▓░░░░░░░ 62.3% ( 933/2901)
iOS node_modules/expo-router/entry.js ▓▓▓▓▓▓▓▓▓░░░░░░░ 62.3% (2127/3029)
iOS node_modules/expo-router/entry.js ▓▓▓▓▓▓▓▓▓▓▓▓▓▓░░ 88.7% (3021/3207)
iOS node_modules/expo-router/entry.js ▓▓▓▓▓▓▓▓▓▓▓▓▓▓▓░ 95.1% (3441/3530)
iOS Bundled 26215ms node_modules/expo-router/entry.js (3721 modules)
 WARN  expo-notifications: Android Push notifications (remote notifications) functionality provided by expo-notifications was removed from Expo Go with the release of SDK 53. Use a development build instead of Expo Go. Read more at https://docs.expo.dev/develop/development-builds/introduction/.
 WARN  `expo-notifications` functionality is not fully supported in Expo Go:
We recommend you instead use a development build to avoid limitations. Learn more: https://expo.fyi/dev-client.

> ter@1.0.0 start /home/gabrielolv/Documents/Projects/ter
> expo start

Starting project at /home/gabrielolv/Documents/Projects/ter
Starting Metro Bundler
Waiting on http://localhost:8081
Logs for your project will appear below.
